<?xml version="1.0" encoding="UTF-8"?>
<!-- Generated by org.testng.reporters.JUnitReportReporter -->
<testsuite hostname="lakshmia-WX-1" name="com.adobe.tests.VerifyClosedCaptions" tests="2" failures="0" timestamp="18 Jul 2016 07:14:43 GMT" time="64.130" errors="0">
  <testcase name="VerifyCCEnableDisable" time="35.866" classname="com.adobe.tests.VerifyClosedCaptions"/>
  <testcase name="selectMediaType" time="28.264" classname="com.adobe.tests.VerifyClosedCaptions"/>
</testsuite> <!-- com.adobe.tests.VerifyClosedCaptions -->
