<?xml version="1.0" encoding="UTF-8"?>
<testng-results skipped="0" failed="0" total="2" passed="2">
  <reporter-output>
  </reporter-output>
  <suite name="Suite" duration-ms="71950" started-at="2016-07-18T07:13:31Z" finished-at="2016-07-18T07:14:43Z">
    <groups>
    </groups>
    <test name="Test" duration-ms="71950" started-at="2016-07-18T07:13:31Z" finished-at="2016-07-18T07:14:43Z">
      <class name="com.adobe.tests.VerifyClosedCaptions">
        <test-method status="PASS" signature="initializeTestBaseSetup(java.lang.String, java.lang.String)[pri:0, instance:com.adobe.tests.VerifyClosedCaptions@8bd1b6a]" name="initializeTestBaseSetup" is-config="true" duration-ms="3974" started-at="2016-07-18T12:43:31Z" finished-at="2016-07-18T12:43:35Z">
          <params>
            <param index="0">
              <value>
                <![CDATA[firefox]]>
              </value>
            </param>
            <param index="1">
              <value>
                <![CDATA[http://localhost:8887/]]>
              </value>
            </param>
          </params>
          <reporter-output>
          </reporter-output>
        </test-method> <!-- initializeTestBaseSetup -->
        <test-method status="PASS" signature="setUp()[pri:0, instance:com.adobe.tests.VerifyClosedCaptions@8bd1b6a]" name="setUp" is-config="true" duration-ms="3010" started-at="2016-07-18T12:43:35Z" finished-at="2016-07-18T12:43:38Z">
          <reporter-output>
          </reporter-output>
        </test-method> <!-- setUp -->
        <test-method status="PASS" signature="selectMediaType()[pri:1, instance:com.adobe.tests.VerifyClosedCaptions@8bd1b6a]" name="selectMediaType" duration-ms="28264" started-at="2016-07-18T12:43:38Z" finished-at="2016-07-18T12:44:06Z">
          <reporter-output>
          </reporter-output>
        </test-method> <!-- selectMediaType -->
        <test-method status="PASS" signature="VerifyCCEnableDisable()[pri:2, instance:com.adobe.tests.VerifyClosedCaptions@8bd1b6a]" name="VerifyCCEnableDisable" duration-ms="35866" started-at="2016-07-18T12:44:06Z" finished-at="2016-07-18T12:44:42Z">
          <reporter-output>
          </reporter-output>
        </test-method> <!-- VerifyCCEnableDisable -->
        <test-method status="PASS" signature="tearDown()[pri:0, instance:com.adobe.tests.VerifyClosedCaptions@8bd1b6a]" name="tearDown" is-config="true" duration-ms="817" started-at="2016-07-18T12:44:42Z" finished-at="2016-07-18T12:44:43Z">
          <reporter-output>
          </reporter-output>
        </test-method> <!-- tearDown -->
      </class> <!-- com.adobe.tests.VerifyClosedCaptions -->
    </test> <!-- Test -->
  </suite> <!-- Suite -->
</testng-results>
